[01:36:13] [ServerMain/INFO]: Environment: Environment[sessionHost=https://sessionserver.mojang.com, servicesHost=https://api.minecraftservices.com, name=PROD]
[01:36:15] [ServerMain/INFO]: No existing world data, creating new world
[01:36:16] [ServerMain/INFO]: Loaded 1290 recipes
[01:36:16] [ServerMain/INFO]: Loaded 1399 advancements
[01:36:17] [Server thread/INFO]: Starting minecraft server version 1.21.1
[01:36:17] [Server thread/INFO]: Loading properties
[01:36:17] [Server thread/INFO]: Default game type: SURVIVAL
[01:36:17] [Server thread/INFO]: Generating keypair
[01:36:17] [Server thread/INFO]: Starting Minecraft server on *:25565
[01:36:17] [Server thread/INFO]: Using epoll channel type
[01:36:17] [Server thread/WARN]: **** SERVER IS RUNNING IN OFFLINE/INSECURE MODE!
[01:36:17] [Server thread/WARN]: The server will make no attempt to authenticate usernames. Beware.
[01:36:17] [Server thread/WARN]: While this makes the game possible to play without internet access, it also opens up the ability for hackers to connect with any username they choose.
[01:36:17] [Server thread/WARN]: To change this, set "online-mode" to "true" in the server.properties file.
[01:36:17] [Server thread/INFO]: Preparing level "world"
[01:36:28] [Server thread/INFO]: Preparing start region for dimension minecraft:overworld
[01:36:28] [Worker-Main-1/INFO]: Preparing spawn area: 2%
[01:36:29] [Worker-Main-1/INFO]: Preparing spawn area: 2%
[01:36:29] [Worker-Main-1/INFO]: Preparing spawn area: 2%
[01:36:30] [Worker-Main-1/INFO]: Preparing spawn area: 2%
[01:36:30] [Worker-Main-1/INFO]: Preparing spawn area: 2%
[01:36:31] [Worker-Main-1/INFO]: Preparing spawn area: 2%
[01:36:31] [Worker-Main-1/INFO]: Preparing spawn area: 2%
[01:36:32] [Worker-Main-1/INFO]: Preparing spawn area: 2%
[01:36:32] [Worker-Main-1/INFO]: Preparing spawn area: 2%
[01:36:33] [Worker-Main-1/INFO]: Preparing spawn area: 2%
[01:36:33] [Worker-Main-1/INFO]: Preparing spawn area: 2%
[01:36:34] [Worker-Main-1/INFO]: Preparing spawn area: 2%
[01:36:34] [Worker-Main-1/INFO]: Preparing spawn area: 2%
[01:36:35] [Worker-Main-1/INFO]: Preparing spawn area: 2%
[01:36:36] [Worker-Main-1/INFO]: Preparing spawn area: 2%
[01:36:36] [Worker-Main-1/INFO]: Preparing spawn area: 2%
[01:36:36] [Worker-Main-1/INFO]: Preparing spawn area: 2%
[01:36:37] [Worker-Main-1/INFO]: Preparing spawn area: 2%
[01:36:37] [Worker-Main-1/INFO]: Preparing spawn area: 2%
[01:36:38] [Worker-Main-1/INFO]: Preparing spawn area: 2%
[01:36:38] [Worker-Main-1/INFO]: Preparing spawn area: 53%
[01:36:39] [Server thread/INFO]: Time elapsed: 10260 ms
[01:36:39] [Server thread/INFO]: Done (21.342s)! For help, type "help"
[01:41:18] [Server thread/INFO]: Frankex_Pro[/127.10.251.114:38663] logged in with entity id 5 at (3.5, 111.0, -7.5)
[01:41:18] [Server thread/INFO]: Frankex_Pro joined the game
[01:41:39] [Server thread/INFO]: Made Frankex_Pro a server operator
[01:41:43] [Server thread/INFO]: [Frankex_Pro: Set own game mode to Creative Mode]
[01:42:45] [Server thread/INFO]: [Frankex_Pro: Summoned new Pig]
[01:43:07] [Server thread/INFO]: Unknown or incomplete command, see below for error
[01:43:07] [Server thread/INFO]: tps<--[HERE]
[01:43:15] [Server thread/INFO]: [Frankex_Pro: Summoned new Pig]
[01:43:16] [Server thread/INFO]: [Frankex_Pro: Summoned new Pig]
[01:43:16] [Server thread/INFO]: [Frankex_Pro: Summoned new Pig]
[01:43:17] [Server thread/INFO]: [Frankex_Pro: Summoned new Pig]
[01:44:52] [Server thread/INFO]: [Frankex_Pro: Set own game mode to Survival Mode]
